2021-02-10T10:06:22+00:00 CRITICAL Uncaught Error: Call to undefined function the_image() in /Users/mingyues/Local Sites/coffee-shop/app/public/wp-content/themes/coffee-shop-theme/front-page.php:69
Stack trace:
#0 /Users/mingyues/Local Sites/coffee-shop/app/public/wp-includes/template-loader.php(106): include()
#1 /Users/mingyues/Local Sites/coffee-shop/app/public/wp-blog-header.php(19): require_once('/Users/mingyues...')
#2 /Users/mingyues/Local Sites/coffee-shop/app/public/index.php(17): require('/Users/mingyues...')
#3 {main}
  thrown in /Users/mingyues/Local Sites/coffee-shop/app/public/wp-content/themes/coffee-shop-theme/front-page.php on line 69

2021-02-10T10:06:33+00:00 CRITICAL Uncaught Error: Call to undefined function the_image() in /Users/mingyues/Local Sites/coffee-shop/app/public/wp-content/themes/coffee-shop-theme/front-page.php:69
Stack trace:
#0 /Users/mingyues/Local Sites/coffee-shop/app/public/wp-includes/template-loader.php(106): include()
#1 /Users/mingyues/Local Sites/coffee-shop/app/public/wp-blog-header.php(19): require_once('/Users/mingyues...')
#2 /Users/mingyues/Local Sites/coffee-shop/app/public/index.php(17): require('/Users/mingyues...')
#3 {main}
  thrown in /Users/mingyues/Local Sites/coffee-shop/app/public/wp-content/themes/coffee-shop-theme/front-page.php on line 69

2021-02-10T10:06:37+00:00 CRITICAL Uncaught Error: Call to undefined function the_image() in /Users/mingyues/Local Sites/coffee-shop/app/public/wp-content/themes/coffee-shop-theme/front-page.php:69
Stack trace:
#0 /Users/mingyues/Local Sites/coffee-shop/app/public/wp-includes/template-loader.php(106): include()
#1 /Users/mingyues/Local Sites/coffee-shop/app/public/wp-blog-header.php(19): require_once('/Users/mingyues...')
#2 /Users/mingyues/Local Sites/coffee-shop/app/public/index.php(17): require('/Users/mingyues...')
#3 {main}
  thrown in /Users/mingyues/Local Sites/coffee-shop/app/public/wp-content/themes/coffee-shop-theme/front-page.php on line 69

2021-02-10T10:06:45+00:00 CRITICAL Uncaught Error: Call to undefined function the_image() in /Users/mingyues/Local Sites/coffee-shop/app/public/wp-content/themes/coffee-shop-theme/front-page.php:69
Stack trace:
#0 /Users/mingyues/Local Sites/coffee-shop/app/public/wp-includes/template-loader.php(106): include()
#1 /Users/mingyues/Local Sites/coffee-shop/app/public/wp-blog-header.php(19): require_once('/Users/mingyues...')
#2 /Users/mingyues/Local Sites/coffee-shop/app/public/index.php(17): require('/Users/mingyues...')
#3 {main}
  thrown in /Users/mingyues/Local Sites/coffee-shop/app/public/wp-content/themes/coffee-shop-theme/front-page.php on line 69

2021-02-10T10:06:57+00:00 CRITICAL Uncaught Error: Call to undefined function the_image() in /Users/mingyues/Local Sites/coffee-shop/app/public/wp-content/themes/coffee-shop-theme/front-page.php:69
Stack trace:
#0 /Users/mingyues/Local Sites/coffee-shop/app/public/wp-includes/template-loader.php(106): include()
#1 /Users/mingyues/Local Sites/coffee-shop/app/public/wp-blog-header.php(19): require_once('/Users/mingyues...')
#2 /Users/mingyues/Local Sites/coffee-shop/app/public/index.php(17): require('/Users/mingyues...')
#3 {main}
  thrown in /Users/mingyues/Local Sites/coffee-shop/app/public/wp-content/themes/coffee-shop-theme/front-page.php on line 69

2021-02-10T10:07:11+00:00 CRITICAL Uncaught Error: Call to undefined function get_image() in /Users/mingyues/Local Sites/coffee-shop/app/public/wp-content/themes/coffee-shop-theme/front-page.php:69
Stack trace:
#0 /Users/mingyues/Local Sites/coffee-shop/app/public/wp-includes/template-loader.php(106): include()
#1 /Users/mingyues/Local Sites/coffee-shop/app/public/wp-blog-header.php(19): require_once('/Users/mingyues...')
#2 /Users/mingyues/Local Sites/coffee-shop/app/public/index.php(17): require('/Users/mingyues...')
#3 {main}
  thrown in /Users/mingyues/Local Sites/coffee-shop/app/public/wp-content/themes/coffee-shop-theme/front-page.php on line 69

2021-02-10T10:07:12+00:00 CRITICAL Uncaught Error: Call to undefined function get_image() in /Users/mingyues/Local Sites/coffee-shop/app/public/wp-content/themes/coffee-shop-theme/front-page.php:69
Stack trace:
#0 /Users/mingyues/Local Sites/coffee-shop/app/public/wp-includes/template-loader.php(106): include()
#1 /Users/mingyues/Local Sites/coffee-shop/app/public/wp-blog-header.php(19): require_once('/Users/mingyues...')
#2 /Users/mingyues/Local Sites/coffee-shop/app/public/index.php(17): require('/Users/mingyues...')
#3 {main}
  thrown in /Users/mingyues/Local Sites/coffee-shop/app/public/wp-content/themes/coffee-shop-theme/front-page.php on line 69

2021-02-10T10:08:35+00:00 CRITICAL Uncaught Error: Call to undefined function get_image() in /Users/mingyues/Local Sites/coffee-shop/app/public/wp-content/themes/coffee-shop-theme/front-page.php:69
Stack trace:
#0 /Users/mingyues/Local Sites/coffee-shop/app/public/wp-includes/template-loader.php(106): include()
#1 /Users/mingyues/Local Sites/coffee-shop/app/public/wp-blog-header.php(19): require_once('/Users/mingyues...')
#2 /Users/mingyues/Local Sites/coffee-shop/app/public/index.php(17): require('/Users/mingyues...')
#3 {main}
  thrown in /Users/mingyues/Local Sites/coffee-shop/app/public/wp-content/themes/coffee-shop-theme/front-page.php on line 69

2021-02-10T10:08:42+00:00 CRITICAL Uncaught Error: Call to undefined function get_image() in /Users/mingyues/Local Sites/coffee-shop/app/public/wp-content/themes/coffee-shop-theme/front-page.php:69
Stack trace:
#0 /Users/mingyues/Local Sites/coffee-shop/app/public/wp-includes/template-loader.php(106): include()
#1 /Users/mingyues/Local Sites/coffee-shop/app/public/wp-blog-header.php(19): require_once('/Users/mingyues...')
#2 /Users/mingyues/Local Sites/coffee-shop/app/public/index.php(17): require('/Users/mingyues...')
#3 {main}
  thrown in /Users/mingyues/Local Sites/coffee-shop/app/public/wp-content/themes/coffee-shop-theme/front-page.php on line 69

2021-02-10T10:08:50+00:00 CRITICAL Uncaught Error: Call to undefined function get_image() in /Users/mingyues/Local Sites/coffee-shop/app/public/wp-content/themes/coffee-shop-theme/front-page.php:69
Stack trace:
#0 /Users/mingyues/Local Sites/coffee-shop/app/public/wp-includes/template-loader.php(106): include()
#1 /Users/mingyues/Local Sites/coffee-shop/app/public/wp-blog-header.php(19): require_once('/Users/mingyues...')
#2 /Users/mingyues/Local Sites/coffee-shop/app/public/index.php(17): require('/Users/mingyues...')
#3 {main}
  thrown in /Users/mingyues/Local Sites/coffee-shop/app/public/wp-content/themes/coffee-shop-theme/front-page.php on line 69

2021-02-10T10:09:07+00:00 CRITICAL Uncaught Error: Call to undefined function the_image() in /Users/mingyues/Local Sites/coffee-shop/app/public/wp-content/themes/coffee-shop-theme/front-page.php:69
Stack trace:
#0 /Users/mingyues/Local Sites/coffee-shop/app/public/wp-includes/template-loader.php(106): include()
#1 /Users/mingyues/Local Sites/coffee-shop/app/public/wp-blog-header.php(19): require_once('/Users/mingyues...')
#2 /Users/mingyues/Local Sites/coffee-shop/app/public/index.php(17): require('/Users/mingyues...')
#3 {main}
  thrown in /Users/mingyues/Local Sites/coffee-shop/app/public/wp-content/themes/coffee-shop-theme/front-page.php on line 69

2021-02-10T10:09:09+00:00 CRITICAL Uncaught Error: Call to undefined function the_image() in /Users/mingyues/Local Sites/coffee-shop/app/public/wp-content/themes/coffee-shop-theme/front-page.php:69
Stack trace:
#0 /Users/mingyues/Local Sites/coffee-shop/app/public/wp-includes/template-loader.php(106): include()
#1 /Users/mingyues/Local Sites/coffee-shop/app/public/wp-blog-header.php(19): require_once('/Users/mingyues...')
#2 /Users/mingyues/Local Sites/coffee-shop/app/public/index.php(17): require('/Users/mingyues...')
#3 {main}
  thrown in /Users/mingyues/Local Sites/coffee-shop/app/public/wp-content/themes/coffee-shop-theme/front-page.php on line 69

2021-02-10T10:11:31+00:00 CRITICAL Uncaught ArgumentCountError: Too few arguments to function wp_get_attachment_image(), 0 passed in /Users/mingyues/Local Sites/coffee-shop/app/public/wp-content/themes/coffee-shop-theme/front-page.php on line 69 and at least 1 expected in /Users/mingyues/Local Sites/coffee-shop/app/public/wp-includes/media.php:1026
Stack trace:
#0 /Users/mingyues/Local Sites/coffee-shop/app/public/wp-content/themes/coffee-shop-theme/front-page.php(69): wp_get_attachment_image()
#1 /Users/mingyues/Local Sites/coffee-shop/app/public/wp-includes/template-loader.php(106): include('/Users/mingyues...')
#2 /Users/mingyues/Local Sites/coffee-shop/app/public/wp-blog-header.php(19): require_once('/Users/mingyues...')
#3 /Users/mingyues/Local Sites/coffee-shop/app/public/index.php(17): require('/Users/mingyues...')
#4 {main}
  thrown in /Users/mingyues/Local Sites/coffee-shop/app/public/wp-includes/media.php on line 1026

2021-02-10T10:11:49+00:00 CRITICAL Uncaught ArgumentCountError: Too few arguments to function wp_get_attachment_image(), 0 passed in /Users/mingyues/Local Sites/coffee-shop/app/public/wp-content/themes/coffee-shop-theme/front-page.php on line 69 and at least 1 expected in /Users/mingyues/Local Sites/coffee-shop/app/public/wp-includes/media.php:1026
Stack trace:
#0 /Users/mingyues/Local Sites/coffee-shop/app/public/wp-content/themes/coffee-shop-theme/front-page.php(69): wp_get_attachment_image()
#1 /Users/mingyues/Local Sites/coffee-shop/app/public/wp-includes/template-loader.php(106): include('/Users/mingyues...')
#2 /Users/mingyues/Local Sites/coffee-shop/app/public/wp-blog-header.php(19): require_once('/Users/mingyues...')
#3 /Users/mingyues/Local Sites/coffee-shop/app/public/index.php(17): require('/Users/mingyues...')
#4 {main}
  thrown in /Users/mingyues/Local Sites/coffee-shop/app/public/wp-includes/media.php on line 1026

2021-02-10T10:34:28+00:00 CRITICAL Uncaught Error: Call to undefined function the_price() in /Users/mingyues/Local Sites/coffee-shop/app/public/wp-content/themes/coffee-shop-theme/front-page.php:74
Stack trace:
#0 /Users/mingyues/Local Sites/coffee-shop/app/public/wp-includes/template-loader.php(106): include()
#1 /Users/mingyues/Local Sites/coffee-shop/app/public/wp-blog-header.php(19): require_once('/Users/mingyues...')
#2 /Users/mingyues/Local Sites/coffee-shop/app/public/index.php(17): require('/Users/mingyues...')
#3 {main}
  thrown in /Users/mingyues/Local Sites/coffee-shop/app/public/wp-content/themes/coffee-shop-theme/front-page.php on line 74

2021-02-10T10:34:36+00:00 CRITICAL Uncaught Error: Call to undefined function get_price() in /Users/mingyues/Local Sites/coffee-shop/app/public/wp-content/themes/coffee-shop-theme/front-page.php:74
Stack trace:
#0 /Users/mingyues/Local Sites/coffee-shop/app/public/wp-includes/template-loader.php(106): include()
#1 /Users/mingyues/Local Sites/coffee-shop/app/public/wp-blog-header.php(19): require_once('/Users/mingyues...')
#2 /Users/mingyues/Local Sites/coffee-shop/app/public/index.php(17): require('/Users/mingyues...')
#3 {main}
  thrown in /Users/mingyues/Local Sites/coffee-shop/app/public/wp-content/themes/coffee-shop-theme/front-page.php on line 74

2021-02-10T10:35:09+00:00 CRITICAL Uncaught Error: Call to undefined function get_price() in /Users/mingyues/Local Sites/coffee-shop/app/public/wp-content/themes/coffee-shop-theme/front-page.php:74
Stack trace:
#0 /Users/mingyues/Local Sites/coffee-shop/app/public/wp-includes/template-loader.php(106): include()
#1 /Users/mingyues/Local Sites/coffee-shop/app/public/wp-blog-header.php(19): require_once('/Users/mingyues...')
#2 /Users/mingyues/Local Sites/coffee-shop/app/public/index.php(17): require('/Users/mingyues...')
#3 {main}
  thrown in /Users/mingyues/Local Sites/coffee-shop/app/public/wp-content/themes/coffee-shop-theme/front-page.php on line 74

2021-02-10T10:36:14+00:00 CRITICAL Uncaught Error: Call to undefined function get_price_html() in /Users/mingyues/Local Sites/coffee-shop/app/public/wp-content/themes/coffee-shop-theme/front-page.php:74
Stack trace:
#0 /Users/mingyues/Local Sites/coffee-shop/app/public/wp-includes/template-loader.php(106): include()
#1 /Users/mingyues/Local Sites/coffee-shop/app/public/wp-blog-header.php(19): require_once('/Users/mingyues...')
#2 /Users/mingyues/Local Sites/coffee-shop/app/public/index.php(17): require('/Users/mingyues...')
#3 {main}
  thrown in /Users/mingyues/Local Sites/coffee-shop/app/public/wp-content/themes/coffee-shop-theme/front-page.php on line 74

2021-02-10T10:37:35+00:00 CRITICAL Uncaught Error: Call to undefined function get_regular_price() in /Users/mingyues/Local Sites/coffee-shop/app/public/wp-content/themes/coffee-shop-theme/front-page.php:74
Stack trace:
#0 /Users/mingyues/Local Sites/coffee-shop/app/public/wp-includes/template-loader.php(106): include()
#1 /Users/mingyues/Local Sites/coffee-shop/app/public/wp-blog-header.php(19): require_once('/Users/mingyues...')
#2 /Users/mingyues/Local Sites/coffee-shop/app/public/index.php(17): require('/Users/mingyues...')
#3 {main}
  thrown in /Users/mingyues/Local Sites/coffee-shop/app/public/wp-content/themes/coffee-shop-theme/front-page.php on line 74

2021-02-10T10:37:59+00:00 CRITICAL Uncaught Error: Call to undefined function get_regular_price() in /Users/mingyues/Local Sites/coffee-shop/app/public/wp-content/themes/coffee-shop-theme/front-page.php:74
Stack trace:
#0 /Users/mingyues/Local Sites/coffee-shop/app/public/wp-includes/template-loader.php(106): include()
#1 /Users/mingyues/Local Sites/coffee-shop/app/public/wp-blog-header.php(19): require_once('/Users/mingyues...')
#2 /Users/mingyues/Local Sites/coffee-shop/app/public/index.php(17): require('/Users/mingyues...')
#3 {main}
  thrown in /Users/mingyues/Local Sites/coffee-shop/app/public/wp-content/themes/coffee-shop-theme/front-page.php on line 74

2021-02-10T10:41:08+00:00 CRITICAL Uncaught Error: Call to undefined function get_price_html() in /Users/mingyues/Local Sites/coffee-shop/app/public/wp-content/themes/coffee-shop-theme/front-page.php:74
Stack trace:
#0 /Users/mingyues/Local Sites/coffee-shop/app/public/wp-includes/template-loader.php(106): include()
#1 /Users/mingyues/Local Sites/coffee-shop/app/public/wp-blog-header.php(19): require_once('/Users/mingyues...')
#2 /Users/mingyues/Local Sites/coffee-shop/app/public/index.php(17): require('/Users/mingyues...')
#3 {main}
  thrown in /Users/mingyues/Local Sites/coffee-shop/app/public/wp-content/themes/coffee-shop-theme/front-page.php on line 74

2021-02-10T10:41:16+00:00 CRITICAL Uncaught Error: Call to undefined function get_price_html() in /Users/mingyues/Local Sites/coffee-shop/app/public/wp-content/themes/coffee-shop-theme/front-page.php:74
Stack trace:
#0 /Users/mingyues/Local Sites/coffee-shop/app/public/wp-includes/template-loader.php(106): include()
#1 /Users/mingyues/Local Sites/coffee-shop/app/public/wp-blog-header.php(19): require_once('/Users/mingyues...')
#2 /Users/mingyues/Local Sites/coffee-shop/app/public/index.php(17): require('/Users/mingyues...')
#3 {main}
  thrown in /Users/mingyues/Local Sites/coffee-shop/app/public/wp-content/themes/coffee-shop-theme/front-page.php on line 74

2021-02-10T10:41:20+00:00 CRITICAL Uncaught Error: Call to undefined function get_price_html() in /Users/mingyues/Local Sites/coffee-shop/app/public/wp-content/themes/coffee-shop-theme/front-page.php:74
Stack trace:
#0 /Users/mingyues/Local Sites/coffee-shop/app/public/wp-includes/template-loader.php(106): include()
#1 /Users/mingyues/Local Sites/coffee-shop/app/public/wp-blog-header.php(19): require_once('/Users/mingyues...')
#2 /Users/mingyues/Local Sites/coffee-shop/app/public/index.php(17): require('/Users/mingyues...')
#3 {main}
  thrown in /Users/mingyues/Local Sites/coffee-shop/app/public/wp-content/themes/coffee-shop-theme/front-page.php on line 74

2021-02-10T10:41:22+00:00 CRITICAL Uncaught Error: Call to undefined function get_price_html() in /Users/mingyues/Local Sites/coffee-shop/app/public/wp-content/themes/coffee-shop-theme/front-page.php:74
Stack trace:
#0 /Users/mingyues/Local Sites/coffee-shop/app/public/wp-includes/template-loader.php(106): include()
#1 /Users/mingyues/Local Sites/coffee-shop/app/public/wp-blog-header.php(19): require_once('/Users/mingyues...')
#2 /Users/mingyues/Local Sites/coffee-shop/app/public/index.php(17): require('/Users/mingyues...')
#3 {main}
  thrown in /Users/mingyues/Local Sites/coffee-shop/app/public/wp-content/themes/coffee-shop-theme/front-page.php on line 74

2021-02-10T10:41:25+00:00 CRITICAL Uncaught Error: Call to undefined function get_price_html() in /Users/mingyues/Local Sites/coffee-shop/app/public/wp-content/themes/coffee-shop-theme/front-page.php:74
Stack trace:
#0 /Users/mingyues/Local Sites/coffee-shop/app/public/wp-includes/template-loader.php(106): include()
#1 /Users/mingyues/Local Sites/coffee-shop/app/public/wp-blog-header.php(19): require_once('/Users/mingyues...')
#2 /Users/mingyues/Local Sites/coffee-shop/app/public/index.php(17): require('/Users/mingyues...')
#3 {main}
  thrown in /Users/mingyues/Local Sites/coffee-shop/app/public/wp-content/themes/coffee-shop-theme/front-page.php on line 74

